<?xml version="1.0" encoding="UTF-8"?>
<!-- Generated by org.testng.reporters.JUnitReportReporter -->
<testsuite hostname="Edwin" failures="0" tests="3" name="tests.LoginTest" time="158.633" errors="0" timestamp="2025-08-14T10:45:14 COT" skipped="0">
  <testcase classname="tests.LoginTest" name="failedLogin" time="2.744"/>
  <testcase classname="tests.LoginTest" name="successfulLogin" time="7.162"/>
  <testcase classname="tests.LoginTest" name="logoutTest" time="148.727"/>
</testsuite> <!-- tests.LoginTest -->
