<?xml version="1.0" encoding="UTF-8"?>
<!-- Generated by org.testng.reporters.JUnitReportReporter -->
<testsuite hostname="Edwin" failures="0" tests="2" name="tests.CategorySearchTests" time="11.586" errors="0" timestamp="2025-08-14T10:45:14 COT" skipped="0">
  <testcase classname="tests.CategorySearchTests" name="testSearchWomenDress" time="5.542"/>
  <testcase classname="tests.CategorySearchTests" name="testSearchWomenTops" time="6.044"/>
</testsuite> <!-- tests.CategorySearchTests -->
