<?xml version="1.0" encoding="UTF-8"?>
<!-- Generated by org.testng.reporters.JUnitReportReporter -->
<testsuite hostname="Edwin" failures="0" tests="1" name="tests.ViewAddProductTest" time="7.114" errors="0" timestamp="2025-08-14T10:45:14 COT" skipped="0">
  <testcase classname="tests.ViewAddProductTest" name="testViewAddPoloTshirt" time="7.114"/>
</testsuite> <!-- tests.ViewAddProductTest -->
