<?xml version="1.0" encoding="UTF-8"?>
<!-- Generated by org.testng.reporters.JUnitReportReporter -->
<testsuite hostname="Edwin" failures="0" tests="2" name="tests.BrandSearchTests" time="12.503" errors="0" timestamp="2025-08-14T10:45:14 COT" skipped="0">
  <testcase classname="tests.BrandSearchTests" name="testSearchBrandPolo" time="6.338"/>
  <testcase classname="tests.BrandSearchTests" name="testSearchBrandHM" time="6.165"/>
</testsuite> <!-- tests.BrandSearchTests -->
