<?xml version="1.0" encoding="UTF-8"?>
<!-- Generated by org.testng.reporters.JUnitReportReporter -->
<testsuite hostname="Edwin" failures="0" tests="1" name="tests.OrderPlacedTest" time="17.337" errors="0" timestamp="2025-08-14T10:45:14 COT" skipped="0">
  <testcase classname="tests.OrderPlacedTest" name="testPaymentPoloTshirt" time="17.337"/>
</testsuite> <!-- tests.OrderPlacedTest -->
